<?xml version="1.0" encoding="UTF-8"?>
<testng-results skipped="0" failed="0" total="1" passed="1">
  <reporter-output>
  </reporter-output>
  <suite name="Default suite" duration-ms="71801" started-at="2020-06-19T21:45:05Z" finished-at="2020-06-19T21:46:17Z">
    <groups>
    </groups>
    <test name="Default test" duration-ms="71801" started-at="2020-06-19T21:45:05Z" finished-at="2020-06-19T21:46:17Z">
      <class name="com.vtiger.TestScript.CreateLeadTest">
        <test-method status="PASS" signature="configBeforeSuit()[pri:0, instance:com.vtiger.TestScript.CreateLeadTest@46d56d67]" name="configBeforeSuit" is-config="true" duration-ms="14" started-at="2020-06-19T14:45:05Z" finished-at="2020-06-19T14:45:05Z">
          <reporter-output>
          </reporter-output>
        </test-method> <!-- configBeforeSuit -->
        <test-method status="PASS" signature="configBeforeClass()[pri:0, instance:com.vtiger.TestScript.CreateLeadTest@46d56d67]" name="configBeforeClass" is-config="true" duration-ms="15887" started-at="2020-06-19T14:45:05Z" finished-at="2020-06-19T14:45:21Z">
          <reporter-output>
          </reporter-output>
        </test-method> <!-- configBeforeClass -->
        <test-method status="PASS" signature="configBeforeMethod()[pri:0, instance:com.vtiger.TestScript.CreateLeadTest@46d56d67]" name="configBeforeMethod" is-config="true" duration-ms="12891" started-at="2020-06-19T14:45:21Z" finished-at="2020-06-19T14:45:34Z">
          <reporter-output>
          </reporter-output>
        </test-method> <!-- configBeforeMethod -->
        <test-method status="PASS" signature="createLead()[pri:0, instance:com.vtiger.TestScript.CreateLeadTest@46d56d67]" name="createLead" duration-ms="37351" started-at="2020-06-19T14:45:34Z" finished-at="2020-06-19T14:46:11Z">
          <reporter-output>
          </reporter-output>
        </test-method> <!-- createLead -->
        <test-method status="PASS" signature="configAfterMethod()[pri:0, instance:com.vtiger.TestScript.CreateLeadTest@46d56d67]" name="configAfterMethod" is-config="true" duration-ms="4264" started-at="2020-06-19T14:46:11Z" finished-at="2020-06-19T14:46:15Z">
          <reporter-output>
          </reporter-output>
        </test-method> <!-- configAfterMethod -->
        <test-method status="PASS" signature="configAfterClass()[pri:0, instance:com.vtiger.TestScript.CreateLeadTest@46d56d67]" name="configAfterClass" is-config="true" duration-ms="1375" started-at="2020-06-19T14:46:15Z" finished-at="2020-06-19T14:46:17Z">
          <reporter-output>
          </reporter-output>
        </test-method> <!-- configAfterClass -->
        <test-method status="PASS" signature="configAfterSuit()[pri:0, instance:com.vtiger.TestScript.CreateLeadTest@46d56d67]" name="configAfterSuit" is-config="true" duration-ms="2" started-at="2020-06-19T14:46:17Z" finished-at="2020-06-19T14:46:17Z">
          <reporter-output>
          </reporter-output>
        </test-method> <!-- configAfterSuit -->
      </class> <!-- com.vtiger.TestScript.CreateLeadTest -->
    </test> <!-- Default test -->
  </suite> <!-- Default suite -->
</testng-results>
